This file contains any messages produced by compilers while
running configure, to aid debugging if configure makes a mistake.

It was created by libiscsi configure 1.18.0, which was
generated by GNU Autoconf 2.69.  Invocation command line was

  $ ./configure 

## --------- ##
## Platform. ##
## --------- ##

hostname = prasad-hyc
uname -m = x86_64
uname -r = 4.15.0-45-generic
uname -s = Linux
uname -v = #48-Ubuntu SMP Tue Jan 29 16:28:13 UTC 2019

/usr/bin/uname -p = unknown
/bin/uname -X     = unknown

/bin/arch              = unknown
/usr/bin/arch -k       = unknown
/usr/convex/getsysinfo = unknown
/usr/bin/hostinfo      = unknown
/bin/machine           = unknown
/usr/bin/oslevel       = unknown
/bin/universe          = unknown

PATH: /usr/local/sbin
PATH: /usr/local/bin
PATH: /usr/sbin
PATH: /usr/bin
PATH: /sbin
PATH: /bin
PATH: /snap/bin


## ----------- ##
## Core tests. ##
## ----------- ##

configure:2350: checking for a BSD-compatible install
configure:2418: result: /usr/bin/install -c
configure:2429: checking whether build environment is sane
configure:2484: result: yes
configure:2635: checking for a thread-safe mkdir -p
configure:2674: result: /bin/mkdir -p
configure:2681: checking for gawk
configure:2697: found /usr/bin/gawk
configure:2708: result: gawk
configure:2719: checking whether make sets $(MAKE)
configure:2741: result: yes
configure:2770: checking whether make supports nested variables
configure:2787: result: yes
configure:2924: checking whether make supports nested variables
configure:2941: result: yes
configure:2964: checking for style of include used by make
configure:2992: result: GNU
configure:3063: checking for gcc
configure:3090: result: /usr/bin/clang
configure:3319: checking for C compiler version
configure:3328: /usr/bin/clang --version >&5
clang version 6.0.0-1ubuntu2 (tags/RELEASE_600/final)
Target: x86_64-pc-linux-gnu
Thread model: posix
InstalledDir: /usr/bin
configure:3339: $? = 0
configure:3328: /usr/bin/clang -v >&5
clang version 6.0.0-1ubuntu2 (tags/RELEASE_600/final)
Target: x86_64-pc-linux-gnu
Thread model: posix
InstalledDir: /usr/bin
Found candidate GCC installation: /usr/bin/../lib/gcc/x86_64-linux-gnu/7
Found candidate GCC installation: /usr/bin/../lib/gcc/x86_64-linux-gnu/7.3.0
Found candidate GCC installation: /usr/bin/../lib/gcc/x86_64-linux-gnu/8
Found candidate GCC installation: /usr/bin/../lib/gcc/x86_64-linux-gnu/8.0.1
Found candidate GCC installation: /usr/lib/gcc/x86_64-linux-gnu/7
Found candidate GCC installation: /usr/lib/gcc/x86_64-linux-gnu/7.3.0
... rest of stderr output deleted ...
configure:3339: $? = 0
configure:3328: /usr/bin/clang -V >&5
clang: error: argument to '-V' is missing (expected 1 value)
clang: error: no input files
configure:3339: $? = 1
configure:3328: /usr/bin/clang -qversion >&5
clang: error: unknown argument: '-qversion'
clang: error: no input files
configure:3339: $? = 1
configure:3359: checking whether the C compiler works
configure:3381: /usr/bin/clang    conftest.c  >&5
configure:3385: $? = 0
configure:3433: result: yes
configure:3436: checking for C compiler default output file name
configure:3438: result: a.out
configure:3444: checking for suffix of executables
configure:3451: /usr/bin/clang -o conftest    conftest.c  >&5
configure:3455: $? = 0
configure:3477: result: 
configure:3499: checking whether we are cross compiling
configure:3507: /usr/bin/clang -o conftest    conftest.c  >&5
configure:3511: $? = 0
configure:3518: ./conftest
configure:3522: $? = 0
configure:3537: result: no
configure:3542: checking for suffix of object files
configure:3564: /usr/bin/clang -c   conftest.c >&5
configure:3568: $? = 0
configure:3589: result: o
configure:3593: checking whether we are using the GNU C compiler
configure:3612: /usr/bin/clang -c   conftest.c >&5
configure:3612: $? = 0
configure:3621: result: yes
configure:3630: checking whether /usr/bin/clang accepts -g
configure:3650: /usr/bin/clang -c -g  conftest.c >&5
configure:3650: $? = 0
configure:3691: result: yes
configure:3708: checking for /usr/bin/clang option to accept ISO C89
configure:3771: /usr/bin/clang  -c -g -O2  conftest.c >&5
configure:3771: $? = 0
configure:3784: result: none needed
configure:3809: checking whether /usr/bin/clang understands -c and -o together
configure:3831: /usr/bin/clang -c conftest.c -o conftest2.o
configure:3834: $? = 0
configure:3831: /usr/bin/clang -c conftest.c -o conftest2.o
configure:3834: $? = 0
configure:3846: result: yes
configure:3865: checking dependency style of /usr/bin/clang
configure:3976: result: gcc3
configure:4041: checking for ar
configure:4057: found /usr/bin/ar
configure:4068: result: ar
configure:4094: checking the archiver (ar) interface
configure:4110: /usr/bin/clang -c -g -O2  conftest.c >&5
configure:4110: $? = 0
configure:4112: ar cru libconftest.a conftest.o >&5
ar: `u' modifier ignored since `D' is the default (see `U')
configure:4115: $? = 0
configure:4143: result: ar
configure:4192: checking build system type
configure:4206: result: x86_64-pc-linux-gnu
configure:4226: checking host system type
configure:4239: result: x86_64-pc-linux-gnu
configure:4280: checking how to print strings
configure:4307: result: printf
configure:4328: checking for a sed that does not truncate output
configure:4392: result: /bin/sed
configure:4410: checking for grep that handles long lines and -e
configure:4468: result: /bin/grep
configure:4473: checking for egrep
configure:4535: result: /bin/grep -E
configure:4540: checking for fgrep
configure:4602: result: /bin/grep -F
configure:4637: checking for ld used by /usr/bin/clang
configure:4704: result: /usr/bin/ld
configure:4711: checking if the linker (/usr/bin/ld) is GNU ld
configure:4726: result: yes
configure:4738: checking for BSD- or MS-compatible name lister (nm)
configure:4792: result: /usr/bin/nm -B
configure:4922: checking the name lister (/usr/bin/nm -B) interface
configure:4929: /usr/bin/clang -c -g -O2  conftest.c >&5
configure:4932: /usr/bin/nm -B "conftest.o"
configure:4935: output
0000000000000000 B some_variable
configure:4942: result: BSD nm
configure:4945: checking whether ln -s works
configure:4949: result: yes
configure:4957: checking the maximum length of command line arguments
configure:5088: result: 1572864
configure:5136: checking how to convert x86_64-pc-linux-gnu file names to x86_64-pc-linux-gnu format
configure:5176: result: func_convert_file_noop
configure:5183: checking how to convert x86_64-pc-linux-gnu file names to toolchain format
configure:5203: result: func_convert_file_noop
configure:5210: checking for /usr/bin/ld option to reload object files
configure:5217: result: -r
configure:5291: checking for objdump
configure:5307: found /usr/bin/objdump
configure:5318: result: objdump
configure:5350: checking how to recognize dependent libraries
configure:5550: result: pass_all
configure:5635: checking for dlltool
configure:5665: result: no
configure:5695: checking how to associate runtime and link libraries
configure:5722: result: printf %s\n
configure:5846: checking for archiver @FILE support
configure:5863: /usr/bin/clang -c -g -O2  conftest.c >&5
configure:5863: $? = 0
configure:5866: ar cru libconftest.a @conftest.lst >&5
ar: `u' modifier ignored since `D' is the default (see `U')
configure:5869: $? = 0
configure:5874: ar cru libconftest.a @conftest.lst >&5
ar: `u' modifier ignored since `D' is the default (see `U')
ar: conftest.o: No such file or directory
configure:5877: $? = 1
configure:5889: result: @
configure:5947: checking for strip
configure:5963: found /usr/bin/strip
configure:5974: result: strip
configure:6046: checking for ranlib
configure:6062: found /usr/bin/ranlib
configure:6073: result: ranlib
configure:6175: checking command to parse /usr/bin/nm -B output from /usr/bin/clang object
configure:6328: /usr/bin/clang -c -g -O2  conftest.c >&5
configure:6331: $? = 0
configure:6335: /usr/bin/nm -B conftest.o \| sed -n -e 's/^.*[ ]\([ABCDGIRSTW][ABCDGIRSTW]*\)[ ][ ]*\([_A-Za-z][_A-Za-z0-9]*\)$/\1 \2 \2/p' | sed '/ __gnu_lto/d' \> conftest.nm
configure:6338: $? = 0
configure:6404: /usr/bin/clang -o conftest -g -O2   conftest.c conftstm.o >&5
configure:6407: $? = 0
configure:6445: result: ok
configure:6492: checking for sysroot
configure:6522: result: no
configure:6529: checking for a working dd
configure:6567: result: /bin/dd
configure:6571: checking how to truncate binary pipes
configure:6586: result: /bin/dd bs=4096 count=1
configure:6722: /usr/bin/clang -c -g -O2  conftest.c >&5
configure:6725: $? = 0
configure:6915: checking for mt
configure:6931: found /bin/mt
configure:6942: result: mt
configure:6965: checking if mt is a manifest tool
configure:6971: mt '-?'
configure:6979: result: no
configure:7656: checking how to run the C preprocessor
configure:7687: /usr/bin/clang -E  conftest.c
configure:7687: $? = 0
configure:7701: /usr/bin/clang -E  conftest.c
conftest.c:11:10: fatal error: 'ac_nonexistent.h' file not found
#include <ac_nonexistent.h>
         ^~~~~~~~~~~~~~~~~~
1 error generated.
configure:7701: $? = 1
configure: failed program was:
| /* confdefs.h */
| #define PACKAGE_NAME "libiscsi"
| #define PACKAGE_TARNAME "libiscsi"
| #define PACKAGE_VERSION "1.18.0"
| #define PACKAGE_STRING "libiscsi 1.18.0"
| #define PACKAGE_BUGREPORT ""
| #define PACKAGE_URL ""
| #define PACKAGE "libiscsi"
| #define VERSION "1.18.0"
| /* end confdefs.h.  */
| #include <ac_nonexistent.h>
configure:7726: result: /usr/bin/clang -E
configure:7746: /usr/bin/clang -E  conftest.c
configure:7746: $? = 0
configure:7760: /usr/bin/clang -E  conftest.c
conftest.c:11:10: fatal error: 'ac_nonexistent.h' file not found
#include <ac_nonexistent.h>
         ^~~~~~~~~~~~~~~~~~
1 error generated.
configure:7760: $? = 1
configure: failed program was:
| /* confdefs.h */
| #define PACKAGE_NAME "libiscsi"
| #define PACKAGE_TARNAME "libiscsi"
| #define PACKAGE_VERSION "1.18.0"
| #define PACKAGE_STRING "libiscsi 1.18.0"
| #define PACKAGE_BUGREPORT ""
| #define PACKAGE_URL ""
| #define PACKAGE "libiscsi"
| #define VERSION "1.18.0"
| /* end confdefs.h.  */
| #include <ac_nonexistent.h>
configure:7789: checking for ANSI C header files
configure:7809: /usr/bin/clang -c -g -O2  conftest.c >&5
configure:7809: $? = 0
configure:7882: /usr/bin/clang -o conftest -g -O2   conftest.c  >&5
configure:7882: $? = 0
configure:7882: ./conftest
configure:7882: $? = 0
configure:7893: result: yes
configure:7906: checking for sys/types.h
configure:7906: /usr/bin/clang -c -g -O2  conftest.c >&5
configure:7906: $? = 0
configure:7906: result: yes
configure:7906: checking for sys/stat.h
configure:7906: /usr/bin/clang -c -g -O2  conftest.c >&5
configure:7906: $? = 0
configure:7906: result: yes
configure:7906: checking for stdlib.h
configure:7906: /usr/bin/clang -c -g -O2  conftest.c >&5
configure:7906: $? = 0
configure:7906: result: yes
configure:7906: checking for string.h
configure:7906: /usr/bin/clang -c -g -O2  conftest.c >&5
configure:7906: $? = 0
configure:7906: result: yes
configure:7906: checking for memory.h
configure:7906: /usr/bin/clang -c -g -O2  conftest.c >&5
configure:7906: $? = 0
configure:7906: result: yes
configure:7906: checking for strings.h
configure:7906: /usr/bin/clang -c -g -O2  conftest.c >&5
configure:7906: $? = 0
configure:7906: result: yes
configure:7906: checking for inttypes.h
configure:7906: /usr/bin/clang -c -g -O2  conftest.c >&5
configure:7906: $? = 0
configure:7906: result: yes
configure:7906: checking for stdint.h
configure:7906: /usr/bin/clang -c -g -O2  conftest.c >&5
configure:7906: $? = 0
configure:7906: result: yes
configure:7906: checking for unistd.h
configure:7906: /usr/bin/clang -c -g -O2  conftest.c >&5
configure:7906: $? = 0
configure:7906: result: yes
configure:7920: checking for dlfcn.h
configure:7920: /usr/bin/clang -c -g -O2  conftest.c >&5
configure:7920: $? = 0
configure:7920: result: yes
configure:8176: checking for objdir
configure:8191: result: .libs
configure:8455: checking if /usr/bin/clang supports -fno-rtti -fno-exceptions
configure:8473: /usr/bin/clang -c -g -O2  -fno-rtti -fno-exceptions conftest.c >&5
configure:8477: $? = 0
configure:8490: result: yes
configure:8848: checking for /usr/bin/clang option to produce PIC
configure:8855: result: -fPIC -DPIC
configure:8863: checking if /usr/bin/clang PIC flag -fPIC -DPIC works
configure:8881: /usr/bin/clang -c -g -O2  -fPIC -DPIC -DPIC conftest.c >&5
configure:8885: $? = 0
configure:8898: result: yes
configure:8927: checking if /usr/bin/clang static flag -static works
configure:8955: result: yes
configure:8970: checking if /usr/bin/clang supports -c -o file.o
configure:8991: /usr/bin/clang -c -g -O2  -o out/conftest2.o conftest.c >&5
configure:8995: $? = 0
configure:9017: result: yes
configure:9025: checking if /usr/bin/clang supports -c -o file.o
configure:9072: result: yes
configure:9105: checking whether the /usr/bin/clang linker (/usr/bin/ld -m elf_x86_64) supports shared libraries
configure:10368: result: yes
configure:10405: checking whether -lc should be explicitly linked in
configure:10413: /usr/bin/clang -c -g -O2  conftest.c >&5
configure:10416: $? = 0
configure:10431: /usr/bin/clang -shared  -fPIC -DPIC conftest.o  -v -Wl,-soname -Wl,conftest -o conftest 2\>\&1 \| /bin/grep  -lc  \>/dev/null 2\>\&1
configure:10434: $? = 0
configure:10448: result: no
configure:10608: checking dynamic linker characteristics
configure:11189: /usr/bin/clang -o conftest -g -O2   -Wl,-rpath -Wl,/foo conftest.c  >&5
configure:11189: $? = 0
configure:11438: result: GNU/Linux ld.so
configure:11560: checking how to hardcode library paths into programs
configure:11585: result: immediate
configure:12133: checking whether stripping libraries is possible
configure:12138: result: yes
configure:12173: checking if libtool supports shared libraries
configure:12175: result: yes
configure:12178: checking whether to build shared libraries
configure:12203: result: yes
configure:12206: checking whether to build static libraries
configure:12210: result: yes
configure:12429: checking for gcry_control in -lgcrypt
configure:12454: /usr/bin/clang -o conftest -g -O2   conftest.c -lgcrypt   >&5
/usr/bin/ld: cannot find -lgcrypt
clang: error: linker command failed with exit code 1 (use -v to see invocation)
configure:12454: $? = 1
configure: failed program was:
| /* confdefs.h */
| #define PACKAGE_NAME "libiscsi"
| #define PACKAGE_TARNAME "libiscsi"
| #define PACKAGE_VERSION "1.18.0"
| #define PACKAGE_STRING "libiscsi 1.18.0"
| #define PACKAGE_BUGREPORT ""
| #define PACKAGE_URL ""
| #define PACKAGE "libiscsi"
| #define VERSION "1.18.0"
| #define STDC_HEADERS 1
| #define HAVE_SYS_TYPES_H 1
| #define HAVE_SYS_STAT_H 1
| #define HAVE_STDLIB_H 1
| #define HAVE_STRING_H 1
| #define HAVE_MEMORY_H 1
| #define HAVE_STRINGS_H 1
| #define HAVE_INTTYPES_H 1
| #define HAVE_STDINT_H 1
| #define HAVE_UNISTD_H 1
| #define HAVE_DLFCN_H 1
| #define LT_OBJDIR ".libs/"
| /* end confdefs.h.  */
| 
| /* Override any GCC internal prototype to avoid an error.
|    Use char because int might match the return type of a GCC
|    builtin and then its argument prototype would still apply.  */
| #ifdef __cplusplus
| extern "C"
| #endif
| char gcry_control ();
| int
| main ()
| {
| return gcry_control ();
|   ;
|   return 0;
| }
configure:12463: result: no
configure:12483: checking for sin_len in sock
configure:12502: /usr/bin/clang -c -g -O2  conftest.c >&5
conftest.c:29:31: error: no member named 'sin_len' in 'struct sockaddr_in'
struct sockaddr_in sock; sock.sin_len = sizeof(sock);
                         ~~~~ ^
1 error generated.
configure:12502: $? = 1
configure: failed program was:
| /* confdefs.h */
| #define PACKAGE_NAME "libiscsi"
| #define PACKAGE_TARNAME "libiscsi"
| #define PACKAGE_VERSION "1.18.0"
| #define PACKAGE_STRING "libiscsi 1.18.0"
| #define PACKAGE_BUGREPORT ""
| #define PACKAGE_URL ""
| #define PACKAGE "libiscsi"
| #define VERSION "1.18.0"
| #define STDC_HEADERS 1
| #define HAVE_SYS_TYPES_H 1
| #define HAVE_SYS_STAT_H 1
| #define HAVE_STDLIB_H 1
| #define HAVE_STRING_H 1
| #define HAVE_MEMORY_H 1
| #define HAVE_STRINGS_H 1
| #define HAVE_INTTYPES_H 1
| #define HAVE_STDINT_H 1
| #define HAVE_UNISTD_H 1
| #define HAVE_DLFCN_H 1
| #define LT_OBJDIR ".libs/"
| /* end confdefs.h.  */
| #include <sys/types.h>
| #include <sys/socket.h>
| #include <netinet/in.h>
| int
| main ()
| {
| struct sockaddr_in sock; sock.sin_len = sizeof(sock);
|   ;
|   return 0;
| }
configure:12509: result: no
configure:12517: checking for sys filio.h
configure:12535: /usr/bin/clang -c -g -O2  conftest.c >&5
conftest.c:24:10: fatal error: 'sys/filio.h' file not found
#include <sys/filio.h>
         ^~~~~~~~~~~~~
1 error generated.
configure:12535: $? = 1
configure: failed program was:
| /* confdefs.h */
| #define PACKAGE_NAME "libiscsi"
| #define PACKAGE_TARNAME "libiscsi"
| #define PACKAGE_VERSION "1.18.0"
| #define PACKAGE_STRING "libiscsi 1.18.0"
| #define PACKAGE_BUGREPORT ""
| #define PACKAGE_URL ""
| #define PACKAGE "libiscsi"
| #define VERSION "1.18.0"
| #define STDC_HEADERS 1
| #define HAVE_SYS_TYPES_H 1
| #define HAVE_SYS_STAT_H 1
| #define HAVE_STDLIB_H 1
| #define HAVE_STRING_H 1
| #define HAVE_MEMORY_H 1
| #define HAVE_STRINGS_H 1
| #define HAVE_INTTYPES_H 1
| #define HAVE_STDINT_H 1
| #define HAVE_UNISTD_H 1
| #define HAVE_DLFCN_H 1
| #define LT_OBJDIR ".libs/"
| /* end confdefs.h.  */
| #include <stdint.h>
| #include <sys/filio.h>
| int
| main ()
| {
| int foo = FIONREAD
|   ;
|   return 0;
| }
configure:12542: result: no
configure:12553: checking sys/socket.h usability
configure:12553: /usr/bin/clang -c -g -O2  conftest.c >&5
configure:12553: $? = 0
configure:12553: result: yes
configure:12553: checking sys/socket.h presence
configure:12553: /usr/bin/clang -E  conftest.c
configure:12553: $? = 0
configure:12553: result: yes
configure:12553: checking for sys/socket.h
configure:12553: result: yes
configure:12567: checking netinet/tcp.h usability
configure:12567: /usr/bin/clang -c -g -O2  conftest.c >&5
configure:12567: $? = 0
configure:12567: result: yes
configure:12567: checking netinet/tcp.h presence
configure:12567: /usr/bin/clang -E  conftest.c
configure:12567: $? = 0
configure:12567: result: yes
configure:12567: checking for netinet/tcp.h
configure:12567: result: yes
configure:12581: checking netinet/in.h usability
configure:12581: /usr/bin/clang -c -g -O2  conftest.c >&5
configure:12581: $? = 0
configure:12581: result: yes
configure:12581: checking netinet/in.h presence
configure:12581: /usr/bin/clang -E  conftest.c
configure:12581: $? = 0
configure:12581: result: yes
configure:12581: checking for netinet/in.h
configure:12581: result: yes
configure:12595: checking arpa/inet.h usability
configure:12595: /usr/bin/clang -c -g -O2  conftest.c >&5
configure:12595: $? = 0
configure:12595: result: yes
configure:12595: checking arpa/inet.h presence
configure:12595: /usr/bin/clang -E  conftest.c
configure:12595: $? = 0
configure:12595: result: yes
configure:12595: checking for arpa/inet.h
configure:12595: result: yes
configure:12609: checking sys/uio.h usability
configure:12609: /usr/bin/clang -c -g -O2  conftest.c >&5
configure:12609: $? = 0
configure:12609: result: yes
configure:12609: checking sys/uio.h presence
configure:12609: /usr/bin/clang -E  conftest.c
configure:12609: $? = 0
configure:12609: result: yes
configure:12609: checking for sys/uio.h
configure:12609: result: yes
configure:12623: checking poll.h usability
configure:12623: /usr/bin/clang -c -g -O2  conftest.c >&5
configure:12623: $? = 0
configure:12623: result: yes
configure:12623: checking poll.h presence
configure:12623: /usr/bin/clang -E  conftest.c
configure:12623: $? = 0
configure:12623: result: yes
configure:12623: checking for poll.h
configure:12623: result: yes
configure:12635: checking for sockaddr_in6 support
configure:12654: /usr/bin/clang -c -g -O2  conftest.c >&5
configure:12654: $? = 0
configure:12661: result: yes
configure:12669: checking for SG_IO support
configure:12688: /usr/bin/clang -c -g -O2  conftest.c >&5
configure:12688: $? = 0
configure:12695: result: yes
configure:12703: checking for iSER support
configure:12723: /usr/bin/clang -c -g -O2  conftest.c >&5
conftest.c:32:10: fatal error: 'infiniband/verbs.h' file not found
#include <infiniband/verbs.h>
         ^~~~~~~~~~~~~~~~~~~~
1 error generated.
configure:12723: $? = 1
configure: failed program was:
| /* confdefs.h */
| #define PACKAGE_NAME "libiscsi"
| #define PACKAGE_TARNAME "libiscsi"
| #define PACKAGE_VERSION "1.18.0"
| #define PACKAGE_STRING "libiscsi 1.18.0"
| #define PACKAGE_BUGREPORT ""
| #define PACKAGE_URL ""
| #define PACKAGE "libiscsi"
| #define VERSION "1.18.0"
| #define STDC_HEADERS 1
| #define HAVE_SYS_TYPES_H 1
| #define HAVE_SYS_STAT_H 1
| #define HAVE_STDLIB_H 1
| #define HAVE_STRING_H 1
| #define HAVE_MEMORY_H 1
| #define HAVE_STRINGS_H 1
| #define HAVE_INTTYPES_H 1
| #define HAVE_STDINT_H 1
| #define HAVE_UNISTD_H 1
| #define HAVE_DLFCN_H 1
| #define LT_OBJDIR ".libs/"
| #define HAVE_SYS_SOCKET_H 1
| #define HAVE_NETINET_TCP_H 1
| #define HAVE_NETINET_IN_H 1
| #define HAVE_ARPA_INET_H 1
| #define HAVE_SYS_UIO_H 1
| #define HAVE_POLL_H 1
| #define HAVE_SOCKADDR_IN6 1
| #define HAVE_SG_IO 1
| /* end confdefs.h.  */
| 
| #include <infiniband/verbs.h>
| #include <rdma/rdma_cma.h>
| #include <rdma/rdma_verbs.h>
| int
| main ()
| {
| int ibv = IBV_WC_SEND;
|   ;
|   return 0;
| }
configure:12730: result: no
configure:12746: checking whether libcunit is available
configure:12768: /usr/bin/clang -o conftest -g -O2    conftest.c   -lcunit >&5
configure:12768: $? = 0
configure:12778: result: yes
configure:12804: checking for struct CU_SuiteInfo.pSetUpFunc
configure:12804: /usr/bin/clang -c -g -O2  conftest.c >&5
configure:12804: $? = 0
configure:12804: result: yes
configure:12816: checking for library containing clock_gettime
configure:12847: /usr/bin/clang -o conftest -g -O2   conftest.c  >&5
configure:12847: $? = 0
configure:12864: result: none required
configure:12988: checking that generated files are newer than configure
configure:12994: result: done
configure:13049: creating ./config.status

## ---------------------- ##
## Running config.status. ##
## ---------------------- ##

This file was extended by libiscsi config.status 1.18.0, which was
generated by GNU Autoconf 2.69.  Invocation command line was

  CONFIG_FILES    = 
  CONFIG_HEADERS  = 
  CONFIG_LINKS    = 
  CONFIG_COMMANDS = 
  $ ./config.status 

on prasad-hyc

config.status:1119: creating Makefile
config.status:1119: creating doc/Makefile
config.status:1119: creating examples/Makefile
config.status:1119: creating lib/Makefile
config.status:1119: creating test-tool/Makefile
config.status:1119: creating tests/Makefile
config.status:1119: creating utils/Makefile
config.status:1119: creating libiscsi.pc
config.status:1119: creating config.h
config.status:1300: config.h is unchanged
config.status:1348: executing depfiles commands
config.status:1348: executing libtool commands

## ---------------- ##
## Cache variables. ##
## ---------------- ##

ac_cv_build=x86_64-pc-linux-gnu
ac_cv_c_compiler_gnu=yes
ac_cv_env_CC_set=set
ac_cv_env_CC_value=/usr/bin/clang
ac_cv_env_CFLAGS_set=
ac_cv_env_CFLAGS_value=
ac_cv_env_CPPFLAGS_set=
ac_cv_env_CPPFLAGS_value=
ac_cv_env_CPP_set=
ac_cv_env_CPP_value=
ac_cv_env_LDFLAGS_set=
ac_cv_env_LDFLAGS_value=
ac_cv_env_LIBS_set=
ac_cv_env_LIBS_value=
ac_cv_env_LT_SYS_LIBRARY_PATH_set=
ac_cv_env_LT_SYS_LIBRARY_PATH_value=
ac_cv_env_build_alias_set=
ac_cv_env_build_alias_value=
ac_cv_env_host_alias_set=
ac_cv_env_host_alias_value=
ac_cv_env_target_alias_set=
ac_cv_env_target_alias_value=
ac_cv_have_cunit=yes
ac_cv_header_arpa_inet_h=yes
ac_cv_header_dlfcn_h=yes
ac_cv_header_inttypes_h=yes
ac_cv_header_memory_h=yes
ac_cv_header_netinet_in_h=yes
ac_cv_header_netinet_tcp_h=yes
ac_cv_header_poll_h=yes
ac_cv_header_stdc=yes
ac_cv_header_stdint_h=yes
ac_cv_header_stdlib_h=yes
ac_cv_header_string_h=yes
ac_cv_header_strings_h=yes
ac_cv_header_sys_socket_h=yes
ac_cv_header_sys_stat_h=yes
ac_cv_header_sys_types_h=yes
ac_cv_header_sys_uio_h=yes
ac_cv_header_unistd_h=yes
ac_cv_host=x86_64-pc-linux-gnu
ac_cv_lib_gcrypt_gcry_control=no
ac_cv_member_struct_CU_SuiteInfo_pSetUpFunc=yes
ac_cv_objext=o
ac_cv_path_EGREP='/bin/grep -E'
ac_cv_path_FGREP='/bin/grep -F'
ac_cv_path_GREP=/bin/grep
ac_cv_path_SED=/bin/sed
ac_cv_path_install='/usr/bin/install -c'
ac_cv_path_lt_DD=/bin/dd
ac_cv_path_mkdir=/bin/mkdir
ac_cv_prog_AWK=gawk
ac_cv_prog_CPP='/usr/bin/clang -E'
ac_cv_prog_ac_ct_AR=ar
ac_cv_prog_ac_ct_CC=/usr/bin/clang
ac_cv_prog_ac_ct_MANIFEST_TOOL=mt
ac_cv_prog_ac_ct_OBJDUMP=objdump
ac_cv_prog_ac_ct_RANLIB=ranlib
ac_cv_prog_ac_ct_STRIP=strip
ac_cv_prog_cc_c89=
ac_cv_prog_cc_g=yes
ac_cv_prog_make_make_set=yes
ac_cv_search_clock_gettime='none required'
am_cv_CC_dependencies_compiler_type=gcc3
am_cv_ar_interface=ar
am_cv_make_support_nested_variables=yes
am_cv_prog_cc_c_o=yes
libiscsi_cv_HAVE_LINUX_ISER=no
libiscsi_cv_HAVE_SG_IO=yes
libiscsi_cv_HAVE_SOCKADDR_IN6=yes
libiscsi_cv_HAVE_SOCK_SIN_LEN=no
libiscsi_cv_NEED_SYS_FILIO_H=no
lt_cv_ar_at_file=@
lt_cv_archive_cmds_need_lc=no
lt_cv_deplibs_check_method=pass_all
lt_cv_file_magic_cmd='$MAGIC_CMD'
lt_cv_file_magic_test_file=
lt_cv_ld_reload_flag=-r
lt_cv_nm_interface='BSD nm'
lt_cv_objdir=.libs
lt_cv_path_LD=/usr/bin/ld
lt_cv_path_NM='/usr/bin/nm -B'
lt_cv_path_mainfest_tool=no
lt_cv_prog_compiler_c_o=yes
lt_cv_prog_compiler_pic='-fPIC -DPIC'
lt_cv_prog_compiler_pic_works=yes
lt_cv_prog_compiler_rtti_exceptions=yes
lt_cv_prog_compiler_static_works=yes
lt_cv_prog_gnu_ld=yes
lt_cv_sharedlib_from_linklib_cmd='printf %s\n'
lt_cv_shlibpath_overrides_runpath=yes
lt_cv_sys_global_symbol_pipe='sed -n -e '\''s/^.*[	 ]\([ABCDGIRSTW][ABCDGIRSTW]*\)[	 ][	 ]*\([_A-Za-z][_A-Za-z0-9]*\)$/\1 \2 \2/p'\'' | sed '\''/ __gnu_lto/d'\'''
lt_cv_sys_global_symbol_to_c_name_address='sed -n -e '\''s/^: \(.*\) .*$/  {"\1", (void *) 0},/p'\'' -e '\''s/^[ABCDGIRSTW][ABCDGIRSTW]* .* \(.*\)$/  {"\1", (void *) \&\1},/p'\'''
lt_cv_sys_global_symbol_to_c_name_address_lib_prefix='sed -n -e '\''s/^: \(.*\) .*$/  {"\1", (void *) 0},/p'\'' -e '\''s/^[ABCDGIRSTW][ABCDGIRSTW]* .* \(lib.*\)$/  {"\1", (void *) \&\1},/p'\'' -e '\''s/^[ABCDGIRSTW][ABCDGIRSTW]* .* \(.*\)$/  {"lib\1", (void *) \&\1},/p'\'''
lt_cv_sys_global_symbol_to_cdecl='sed -n -e '\''s/^T .* \(.*\)$/extern int \1();/p'\'' -e '\''s/^[ABCDGIRSTW][ABCDGIRSTW]* .* \(.*\)$/extern char \1;/p'\'''
lt_cv_sys_global_symbol_to_import=
lt_cv_sys_max_cmd_len=1572864
lt_cv_to_host_file_cmd=func_convert_file_noop
lt_cv_to_tool_file_cmd=func_convert_file_noop
lt_cv_truncate_bin='/bin/dd bs=4096 count=1'

## ----------------- ##
## Output variables. ##
## ----------------- ##

ACLOCAL='${SHELL} /home/prasad/tgt-test-tool/missing aclocal-1.15'
AMDEPBACKSLASH='\'
AMDEP_FALSE='#'
AMDEP_TRUE=''
AMTAR='$${TAR-tar}'
AM_BACKSLASH='\'
AM_DEFAULT_V='$(AM_DEFAULT_VERBOSITY)'
AM_DEFAULT_VERBOSITY='1'
AM_V='$(V)'
AR='ar'
AUTOCONF='${SHELL} /home/prasad/tgt-test-tool/missing autoconf'
AUTOHEADER='${SHELL} /home/prasad/tgt-test-tool/missing autoheader'
AUTOMAKE='${SHELL} /home/prasad/tgt-test-tool/missing automake-1.15'
AWK='gawk'
BUILD_EXAMPLES_FALSE='#'
BUILD_EXAMPLES_TRUE=''
BUILD_MANPAGES_FALSE=''
BUILD_MANPAGES_TRUE='#'
BUILD_TESTS_FALSE='#'
BUILD_TESTS_TRUE=''
BUILD_TEST_TOOL_FALSE='#'
BUILD_TEST_TOOL_TRUE=''
CC='/usr/bin/clang'
CCDEPMODE='depmode=gcc3'
CFLAGS='-g -O2'
CPP='/usr/bin/clang -E'
CPPFLAGS=''
CYGPATH_W='echo'
DEFS='-DHAVE_CONFIG_H'
DEPDIR='.deps'
DLLTOOL='false'
DSYMUTIL=''
DUMPBIN=''
ECHO_C=''
ECHO_N='-n'
ECHO_T=''
EGREP='/bin/grep -E'
EXEEXT=''
FGREP='/bin/grep -F'
GREP='/bin/grep'
HAVE_LIBGCRYPT_FALSE=''
HAVE_LIBGCRYPT_TRUE='#'
HAVE_LINUX_ISER_FALSE=''
HAVE_LINUX_ISER_TRUE='#'
INSTALL_DATA='${INSTALL} -m 644'
INSTALL_PROGRAM='${INSTALL}'
INSTALL_SCRIPT='${INSTALL}'
INSTALL_STRIP_PROGRAM='$(install_sh) -c -s'
ISCSITEST_FALSE='#'
ISCSITEST_TRUE=''
LD='/usr/bin/ld -m elf_x86_64'
LDFLAGS=''
LD_ISCSI_FALSE='#'
LD_ISCSI_TRUE=''
LIBOBJS=''
LIBS=''
LIBTOOL='$(SHELL) $(top_builddir)/libtool'
LIPO=''
LN_S='ln -s'
LTLIBOBJS=''
LT_SYS_LIBRARY_PATH=''
MAKEINFO='${SHELL} /home/prasad/tgt-test-tool/missing makeinfo'
MANIFEST_TOOL=':'
MKDIR_P='/bin/mkdir -p'
NM='/usr/bin/nm -B'
NMEDIT=''
OBJDUMP='objdump'
OBJEXT='o'
OTOOL64=''
OTOOL=''
PACKAGE='libiscsi'
PACKAGE_BUGREPORT=''
PACKAGE_NAME='libiscsi'
PACKAGE_STRING='libiscsi 1.18.0'
PACKAGE_TARNAME='libiscsi'
PACKAGE_URL=''
PACKAGE_VERSION='1.18.0'
PATH_SEPARATOR=':'
RANLIB='ranlib'
SED='/bin/sed'
SET_MAKE=''
SHELL='/bin/bash'
STRIP='strip'
VERSION='1.18.0'
WARN_CFLAGS='-Wall -W -Wshadow -Wstrict-prototypes -Wpointer-arith -Wcast-align -Wno-strict-aliasing -Wno-unknown-warning-option -Wno-stringop-truncation -Werror -Wwrite-strings'
ac_ct_AR='ar'
ac_ct_CC='/usr/bin/clang'
ac_ct_DUMPBIN=''
am__EXEEXT_FALSE=''
am__EXEEXT_TRUE='#'
am__fastdepCC_FALSE='#'
am__fastdepCC_TRUE=''
am__include='include'
am__isrc=''
am__leading_dot='.'
am__nodep='_no'
am__quote=''
am__tar='$${TAR-tar} chof - "$$tardir"'
am__untar='$${TAR-tar} xf -'
bindir='${exec_prefix}/bin'
build='x86_64-pc-linux-gnu'
build_alias=''
build_cpu='x86_64'
build_os='linux-gnu'
build_vendor='pc'
datadir='${datarootdir}'
datarootdir='${prefix}/share'
docdir='${datarootdir}/doc/${PACKAGE_TARNAME}'
dvidir='${docdir}'
exec_prefix='${prefix}'
host='x86_64-pc-linux-gnu'
host_alias=''
host_cpu='x86_64'
host_os='linux-gnu'
host_vendor='pc'
htmldir='${docdir}'
includedir='${prefix}/include'
infodir='${datarootdir}/info'
install_sh='${SHELL} /home/prasad/tgt-test-tool/install-sh'
libdir='${exec_prefix}/lib'
libexecdir='${exec_prefix}/libexec'
localedir='${datarootdir}/locale'
localstatedir='${prefix}/var'
mandir='${datarootdir}/man'
mkdir_p='$(MKDIR_P)'
oldincludedir='/usr/include'
pdfdir='${docdir}'
prefix='/usr/local'
program_transform_name='s,x,x,'
psdir='${docdir}'
runstatedir='${localstatedir}/run'
sbindir='${exec_prefix}/sbin'
sharedstatedir='${prefix}/com'
sysconfdir='${prefix}/etc'
target_alias=''

## ----------- ##
## confdefs.h. ##
## ----------- ##

/* confdefs.h */
#define PACKAGE_NAME "libiscsi"
#define PACKAGE_TARNAME "libiscsi"
#define PACKAGE_VERSION "1.18.0"
#define PACKAGE_STRING "libiscsi 1.18.0"
#define PACKAGE_BUGREPORT ""
#define PACKAGE_URL ""
#define PACKAGE "libiscsi"
#define VERSION "1.18.0"
#define STDC_HEADERS 1
#define HAVE_SYS_TYPES_H 1
#define HAVE_SYS_STAT_H 1
#define HAVE_STDLIB_H 1
#define HAVE_STRING_H 1
#define HAVE_MEMORY_H 1
#define HAVE_STRINGS_H 1
#define HAVE_INTTYPES_H 1
#define HAVE_STDINT_H 1
#define HAVE_UNISTD_H 1
#define HAVE_DLFCN_H 1
#define LT_OBJDIR ".libs/"
#define HAVE_SYS_SOCKET_H 1
#define HAVE_NETINET_TCP_H 1
#define HAVE_NETINET_IN_H 1
#define HAVE_ARPA_INET_H 1
#define HAVE_SYS_UIO_H 1
#define HAVE_POLL_H 1
#define HAVE_SOCKADDR_IN6 1
#define HAVE_SG_IO 1
#define HAVE_CU_SUITEINFO_PSETUPFUNC 1
#define HAVE_CLOCK_GETTIME 1

configure: exit 0
